<?xml version="1.0" encoding="UTF-8" ?>
<testsuite errors="0" failures="0" name="org.pentaho.di.run.addsequence.RunAddSequence4To05" tests="1" time="43.095">
  <properties>
[...]
</properties>
  <testcase classname="org.pentaho.di.run.addsequence.RunAddSequence4To05" name="test_ADD_SEQUENCE_08_Add4To5" time="43.064"></testcase>
  <system-out><![CDATA[
Transformation name         : Add 4 sequence to 5 fields
Transformation description  : Tests adding 4 sequences to a row of 5 fields
-----------------------------------------------------------------------------------------------------
V2 results, rows: 1.000.000,   runtime: 8,60s,   speed: 116.239 rows/s
V3 results, rows: 1.000.000,   runtime: 29,87s,   speed: 33.478 rows/s
V3 / V2 = x0,29
]]></system-out>
  <system-err><![CDATA[2007/07/10 01:31:49:619 CEST [INFO] DefaultFileReplicator - Using "/tmp/vfs_cache" as temporary files store.
]]></system-err>
</testsuite>
